<?xml version="1.0" encoding="UTF-8"?>
<!-- Generated by org.testng.reporters.JUnitReportReporter -->
<testsuite skipped="0" hostname="intel-PC" name="testNGFramework.YourlogoTestNG" tests="4" failures="0" timestamp="23 Jul 2020 03:54:49 GMT" time="21.996" errors="0">
  <testcase name="browseropen" time="11.764" classname="testNGFramework.YourlogoTestNG"/>
  <testcase name="signin" time="2.612" classname="testNGFramework.YourlogoTestNG"/>
  <testcase name="personalInfo" time="4.080" classname="testNGFramework.YourlogoTestNG"/>
  <testcase name="addressInfo" time="3.540" classname="testNGFramework.YourlogoTestNG"/>
</testsuite> <!-- testNGFramework.YourlogoTestNG -->
