<?xml version="1.0" encoding="UTF-8"?>
<!-- Generated by org.testng.reporters.JUnitReportReporter -->
<testsuite skipped="0" hostname="intel-PC" name="testNGFramework.petautomation" tests="2" failures="0" timestamp="23 Jul 2020 03:54:49 GMT" time="12.278" errors="0">
  <testcase name="bpetlaunc" time="5.869" classname="testNGFramework.petautomation"/>
  <testcase name="csign" time="6.409" classname="testNGFramework.petautomation"/>
</testsuite> <!-- testNGFramework.petautomation -->
