<?xml version="1.0" encoding="UTF-8"?>
<!-- Generated by org.testng.reporters.JUnitReportReporter -->
<testsuite skipped="0" hostname="intel-PC" name="testNGFramework.Handlingwindows" tests="2" failures="0" timestamp="30 Jul 2020 04:03:35 GMT" time="10.956" errors="0">
  <testcase name="a_pageload" time="8.749" classname="testNGFramework.Handlingwindows"/>
  <testcase name="b_handlingwindow" time="2.207" classname="testNGFramework.Handlingwindows"/>
</testsuite> <!-- testNGFramework.Handlingwindows -->
