<?xml version="1.0" encoding="UTF-8"?>
<!-- Generated by org.testng.reporters.JUnitReportReporter -->
<testsuite skipped="0" hostname="intel-PC" name="testNGFramework.drapanddroptestng" tests="2" failures="0" timestamp="24 Jul 2020 03:14:41 GMT" time="10.616" errors="0">
  <testcase name="blaunchurl" time="8.218" classname="testNGFramework.drapanddroptestng"/>
  <testcase name="cdraglist" time="2.398" classname="testNGFramework.drapanddroptestng"/>
</testsuite> <!-- testNGFramework.drapanddroptestng -->
