<?xml version="1.0" encoding="UTF-8"?>
<!-- Generated by org.testng.reporters.JUnitReportReporter -->
<testsuite skipped="0" hostname="intel-PC" name="testNGFramework.Closeandquit" tests="1" failures="0" timestamp="30 Jul 2020 04:33:55 GMT" time="10.172" errors="0">
  <testcase name="a_gmaillaunch" time="10.172" classname="testNGFramework.Closeandquit"/>
</testsuite> <!-- testNGFramework.Closeandquit -->
