<?xml version="1.0" encoding="UTF-8"?>
<!-- Generated by org.testng.reporters.JUnitReportReporter -->
<testsuite skipped="0" hostname="intel-PC" name="testNGFramework.saucedemo" tests="6" failures="0" timestamp="24 Jul 2020 03:10:56 GMT" time="13.673" errors="0">
  <testcase name="aleog" time="7.221" classname="testNGFramework.saucedemo"/>
  <testcase name="celtu" time="2.132" classname="testNGFramework.saucedemo"/>
  <testcase name="beltyoe" time="2.125" classname="testNGFramework.saucedemo"/>
  <testcase name="deletr" time="0.429" classname="testNGFramework.saucedemo"/>
  <testcase name="echecker" time="0.435" classname="testNGFramework.saucedemo"/>
  <testcase name="namede" time="1.331" classname="testNGFramework.saucedemo"/>
</testsuite> <!-- testNGFramework.saucedemo -->
