<?xml version="1.0" encoding="UTF-8"?>
<!-- Generated by org.testng.reporters.JUnitReportReporter -->
<testsuite skipped="0" hostname="intel-PC" name="testNGFramework.practice" tests="2" failures="0" timestamp="24 Jul 2020 04:48:44 GMT" time="20.992" errors="0">
  <testcase name="blaunchurl" time="14.580" classname="testNGFramework.practice"/>
  <testcase name="cdraglist" time="6.412" classname="testNGFramework.practice"/>
</testsuite> <!-- testNGFramework.practice -->
