<?xml version="1.0" encoding="UTF-8"?>
<!-- Generated by org.testng.reporters.JUnitReportReporter -->
<testsuite skipped="0" hostname="intel-PC" name="testNGFramework.Flipcartsearch" tests="4" failures="0" timestamp="02 Aug 2020 17:59:25 GMT" time="11.795" errors="0">
  <testcase name="searchmobiles" time="0.363" classname="testNGFramework.Flipcartsearch"/>
  <testcase name="theresultpage" time="3.339" classname="testNGFramework.Flipcartsearch"/>
  <testcase name="loginlayer" time="0.230" classname="testNGFramework.Flipcartsearch"/>
  <testcase name="flipkart" time="7.863" classname="testNGFramework.Flipcartsearch"/>
</testsuite> <!-- testNGFramework.Flipcartsearch -->
