<?xml version="1.0" encoding="UTF-8"?>
<!-- Generated by org.testng.reporters.JUnitReportReporter -->
<testsuite skipped="0" hostname="intel-PC" name="testNGFramework.takingscreenshottestng" tests="1" failures="0" timestamp="24 Jul 2020 04:23:37 GMT" time="25.287" errors="0">
  <testcase name="youlosin" time="25.287" classname="testNGFramework.takingscreenshottestng"/>
</testsuite> <!-- testNGFramework.takingscreenshottestng -->
