<?xml version="1.0" encoding="UTF-8"?>
<!-- Generated by org.testng.reporters.JUnitReportReporter -->
<testsuite skipped="0" hostname="intel-PC" name="testNGFramework.groupingconcepts" tests="2" failures="0" timestamp="23 Jul 2020 03:35:57 GMT" time="0.016" errors="0">
  <testcase name="f4" time="0.002" classname="testNGFramework.groupingconcepts"/>
  <testcase name="f3" time="0.014" classname="testNGFramework.groupingconcepts"/>
</testsuite> <!-- testNGFramework.groupingconcepts -->
