<?xml version="1.0" encoding="UTF-8"?>
<!-- Generated by org.testng.reporters.JUnitReportReporter -->
<testsuite skipped="0" hostname="intel-PC" name="testNGFramework.Assertion" tests="7" failures="0" timestamp="03 Aug 2020 04:27:00 GMT" time="14.770" errors="0">
  <testcase name="b_assertionequals" time="0.074" classname="testNGFramework.Assertion"/>
  <testcase name="f_assertnotnull" time="0.019" classname="testNGFramework.Assertion"/>
  <testcase name="c_assertnotequal" time="0.039" classname="testNGFramework.Assertion"/>
  <testcase name="e_assertfalse" time="0.033" classname="testNGFramework.Assertion"/>
  <testcase name="a_zereoweb" time="14.551" classname="testNGFramework.Assertion"/>
  <testcase name="d_asserttrue" time="0.052" classname="testNGFramework.Assertion"/>
  <testcase name="g_assertnull" time="0.002" classname="testNGFramework.Assertion"/>
</testsuite> <!-- testNGFramework.Assertion -->
