<?xml version="1.0" encoding="UTF-8"?>
<!-- Generated by org.testng.reporters.JUnitReportReporter -->
<testsuite skipped="1" hostname="intel-PC" name="testNGFramework.doubletabtestng" tests="4" failures="0" timestamp="23 Jul 2020 03:54:49 GMT" time="16.914" errors="0">
  <testcase name="autinp" time="13.743" classname="testNGFramework.doubletabtestng"/>
  <testcase name="biclik" time="1.059" classname="testNGFramework.doubletabtestng"/>
  <testcase name="cdubleta" time="2.112" classname="testNGFramework.doubletabtestng"/>
  <testcase name="dele" classname="testNGFramework.doubletabtestng">
    <skipped/>
  </testcase> <!-- dele -->
</testsuite> <!-- testNGFramework.doubletabtestng -->
