<?xml version="1.0" encoding="UTF-8"?>
<!-- Generated by org.testng.reporters.JUnitReportReporter -->
<testsuite skipped="0" hostname="intel-PC" name="testNGFramework.Breakpoint" tests="2" failures="0" timestamp="03 Aug 2020 18:26:07 GMT" time="9.369" errors="0">
  <testcase name="b_signin" time="2.827" classname="testNGFramework.Breakpoint"/>
  <testcase name="a_launchurl" time="6.542" classname="testNGFramework.Breakpoint"/>
</testsuite> <!-- testNGFramework.Breakpoint -->
